<?xml version="1.0" encoding="UTF-8"?><testsuite errors="0" failures="0" name="Consumo  API de Servicio consulta valoracion" skipped="0" tests="4" time="5.19" timestamp="2023-09-19 02:50:59"><testcase name="Mensajes exitoso del servicio de consulta valoracion"/><testcase name="Mensajes exitoso del servicio de consulta valoracion Alimentacion"/><testcase name="Mensajes exitoso del servicio de consulta valoracion Salud Mental"/><testcase name="Mensajes Fallido del servicio de consulta valoracion"/></testsuite>