<?xml version="1.0" encoding="UTF-8"?><testsuite errors="0" failures="0" name="Consumo  API de Servicio Ingreso Valoracion" skipped="0" tests="5" time="27.9" timestamp="2023-09-20 11:04:02"><testcase name="Mensajes exitoso del servicio ingreso valoracion actividad fisica"/><testcase name="Mensajes exitoso del servicio ingreso valoracion alimentacion"/><testcase name="Mensajes exitoso del servicio ingreso valoracion salud mental"/><testcase name="Mensajes exitoso del servicio ingreso valoracion inicial"/><testcase name="Mensajes fallido del servicio ingreso valoracion"/></testsuite>